make all --print-data-base --no-builtin-variables --no-builtin-rules --question
# GNU Make 3.81
# Copyright (C) 2006  Free Software Foundation, Inc.
# This is free software; see the source for copying conditions.
# There is NO warranty; not even for MERCHANTABILITY or FITNESS FOR A
# PARTICULAR PURPOSE.

# This program built for i386-apple-darwin11.3.0
 
make: *** No rule to make target `all'.  Stop.


# Make data base, printed on Wed May 25 18:31:01 2022

# Variables

# automatic
<D = $(patsubst %/,%,$(dir $<))
# automatic
?F = $(notdir $?)
# environment
ELECTRON_NO_ATTACH_CONSOLE = 1
# environment
AUTH0_AUDIENCE = https://dotshake-local.us.auth0.com/api/v2/
# environment
GOENV_ROOT = /Users/shinta/.goenv
# environment
VSCODE_LOG_NATIVE = false
# automatic
?D = $(patsubst %/,%,$(dir $?))
# environment
DIRENV_WATCHES = eJyc0M1KxDAUQOF3ybr2Nv9J9y4VF7oSF2nubRPsNJBkRkF8d_cjgswTfIfz-sWeQk9sZvDSqDZoKR89wFaAj9yOGlqNsOWezssYywkeS4_p7pliOspetkwNsPSWwjvBSMelRjawh4I9n4jN3GjhlXJODOz-M7fe2Nzrmb6HP9xxLzHs0FKoBJgrHRcI-14-IDgxobYo0U9CcFwn473yYSG52klrGZXlNmCIEoUTIjpclJOLpFWi1vJ3lrHG_DPr5h1Xqpy4MtJfqW8_AQAA___IFH3S
# automatic
@D = $(patsubst %/,%,$(dir $@))
# automatic
@F = $(notdir $@)
# makefile
CURDIR := /Users/shinta/go/1.17.5/src/github.com/Notch-Technologies/dotshake
# makefile
SHELL = /bin/sh
# environment
VSCODE_NLS_CONFIG = {"locale":"ja","availableLanguages":{},"_languagePackSupport":true}
# environment
_ = /usr/bin/make
# environment
DIRENV_FILE = /Users/shinta/go/1.17.5/src/github.com/Notch-Technologies/dotshake/.envrc
# makefile (from `Makefile', line 1)
MAKEFILE_LIST :=  Makefile
# environment
GOENV_SHELL = fish
# environment
VSCODE_AMD_ENTRYPOINT = vs/workbench/api/node/extensionHostProcess
# environment
VSCODE_VERBOSE_LOGGING = true
# environment
__CFBundleIdentifier = com.microsoft.VSCode
# environment
SIGNAL_SERVER_HOST = localhost
# environment
DIRENV_DIFF = eJykk0uPukoUxL9Lr8UGxXFgx_BsBoHhIeqGICKNII00ijqZ737DP0bvI5nN3Z7qXyVdp843aID4_TMCNRC_gRQGBhtLoYJUW1aBCHDXNVSEcEc6ipMyYyqSJtX4TMfJucPsOCVHmDQFvEwgGD1wWbKsD0n-jEPPeliIEP4BMaGdKLAsC49Jios6gxXJi_qFWki1gxgpQASNYlpT7rTjDG8_WewkgZ65JT5h7HSGytXRvyFflT01ACLQTY7E2Nm55tv7KXat1XGzlMNk3zCc67QTvVlLyxUh9zd0Db3NjO8KX8vNJKicst_Ks-xprDgLCdlABL_8HoyAgjzVXsYK8oAIGBjSrKWQ4qLuEpgTyI25-XgGaZvCvOjwefsnNJt0KWaCLMU1GTLI6DPjl6WGrGEJ_98SjrP60qYv50gKZEP1gQgy85ayC-7zqkjhl6NNb9t2Yl8EU7jxS21OfG1Sn7eeS23zo_RK7X0Xp4ec9sEe7e8MjbKvUqCbi-KflA359N6FXkukg3Bz9OpkUyfK7pSub32Z-XzczJuqcGiTdWVvU9eP-sPlw19klXdIeswjoeYP9lQ_4GplOopzZxbzfTax7-1x-2a4wvVq3Q3Kap_kw8xbw0sRw_EMUvIr2a4JGwpyqvU1P5_e1r4-m5RVq29WlX2UkUrCAB2atDIdq9GigruY06o19Fhx2xnmVqfmxi86c3-K3mPpS5LiOEaaMfXBCOiO66GlFAx7-D3rtCqyumNyAkbAjILhiv5WnfYxRb7_n0I9pGeBMcmHEviqt1S92HD8Yfi8n5fiOt6g8Px0mCHdlqz4F-gfDx4sx7IsC35-_goAAP__lbNM7g==
# environment
VSCODE_IPC_HOOK_EXTHOST = /var/folders/hr/8pf73f8160s162q66t_0ck5r0000gn/T/vscode-ipc-4df34d8d-fb79-4948-ad9c-09284272de06.sock
# environment
JWT_AUD = dotshaker
# environment
VSCODE_CWD = /Users/shinta/go/1.17.5/src/github.com/Notch-Technologies/dotshake
# environment
GOPROXY = https://proxy.golang.org,direct
# environment
SIGNAL_SERVER_PORT = 10000
# environment
PATH = /Users/shinta/.goenv/versions/1.17.8/bin:/opt/homebrew/bin/zig:/Users/shinta/.nodebrew/current/bin:/Users/shinta/go/1.17.8/bin:/Users/shinta/.goenv/bin:/opt/homebrew/bin/zig:/Users/shinta/.nodebrew/current/bin:/Users/shinta/go/1.17.8/bin:/Users/shinta/.goenv/bin:/Users/shinta/.nodebrew/current/bin:/Users/shinta/go/1.17.8/bin:/Users/shinta/.goenv/bin:/Users/shinta/Downloads/google-cloud-sdk/bin:/Users/shinta/.nodebrew/current/bin:/Users/shinta/go/1.17.8/bin:/Users/shinta/.goenv/bin:/usr/local/bin:/usr/bin:/bin:/usr/sbin:/sbin:/Applications/VMware Fusion Tech Preview.app/Contents/Public:/Users/shinta/.nodebrew/current/bin:/Users/shinta/go/1.17.8/bin:/Users/shinta/.goenv/shims:/Users/shinta/.goenv/bin:/opt/homebrew/bin:/opt/homebrew/bin:/opt/homebrew/bin:/opt/homebrew/bin:/opt/homebrew/bin
# environment
GOROOT = /Users/shinta/.goenv/versions/1.17.8
# environment
GOPATH = /Users/shinta/go/1.17.8
# environment
LaunchInstanceID = E30C525D-91B7-4B5D-9DEF-F1A72F7E9906
# environment
VSCODE_LOG_STACK = false
# environment
ELECTRON_RUN_AS_NODE = 1
# default
.FEATURES := target-specific order-only second-expansion else-if archives jobserver check-symlink
# environment
SSH_AUTH_SOCK = /private/tmp/com.apple.launchd.v2YyxhsOLS/Listeners
# environment
AUTH0_CLIENT_ID = pDJL31qd1HRf2MdA9su1VhqhhOtHE1nW
# automatic
%F = $(notdir $%)
# environment
JWT_ISS = dotshake-local
# environment
TMUX_PANE = %9
# environment
VSCODE_PIPE_LOGGING = true
# environment
PWD = /Users/shinta/go/1.17.5/src/github.com/Notch-Technologies/dotshake
# environment
ORIGINAL_XDG_CURRENT_DESKTOP = undefined
# environment
JWT_SECRET = hoge
# environment
GOMODCACHE = /Users/shinta/go/1.17.8/pkg/mod
# environment
HOME = /Users/shinta
# default
MAKEFILEPATH = $(shell /usr/bin/xcode-select -print-path 2>/dev/null || echo /Developer)/Makefiles
# environment
VSCODE_CLI = 1
# environment
VSCODE_CODE_CACHE_PATH = /Users/shinta/Library/Application Support/Code/CachedData/c3511e6c69bb39013c4a4b7b9566ec1ca73fc4d5
# environment
LOGNAME = shinta
# environment
APPLICATION_INSIGHTS_NO_DIAGNOSTIC_CHANNEL = 1
# environment
AUTH0_CLIENT_SECRET = GJ1o_hOdPJ68q_PLXmZVCUafp-1POr2GpYAVXooz6IxURZ54tiSFgJaTlOkwbC5e
# environment
VSCODE_HANDLES_UNCAUGHT_ERRORS = true
# automatic
^D = $(patsubst %/,%,$(dir $^))
# environment
XPC_FLAGS = 0x0
# default
MAKE = $(MAKE_COMMAND)
# default
MAKECMDGOALS := all
# environment
DIRENV_DIR = -/Users/shinta/go/1.17.5/src/github.com/Notch-Technologies/dotshake
# environment
SHLVL = 5
# makefile (from `Makefile', line 1)
BINDIR := bin
# default
MAKE_VERSION := 3.81
# environment
USER = shinta
# environment
AUTH0_CALLBACK_URL = http://localhost:9000/machine/login
# makefile
.DEFAULT_GOAL := store
# environment
TERM_SESSION_ID = 63C874AC-AA57-453F-846F-FD93EC682113
# environment
AUTH0_DOMAIN = dotshake-local.us.auth0.com
# automatic
%D = $(patsubst %/,%,$(dir $%))
# default
MAKE_COMMAND := /Library/Developer/CommandLineTools/usr/bin/make
# environment
TERM_PROGRAM = tmux
# default
.VARIABLES := 
# environment
TMPDIR = /var/folders/hr/8pf73f8160s162q66t_0ck5r0000gn/T/
 
# environment
SERVER_HOST = localhost
# automatic
*F = $(notdir $*)
# environment
VSCODE_IPC_HOOK = /Users/shinta/Library/Application Support/Code/1.67.2-main.sock
# environment
SERVER_PORT = 443
# makefile
MAKEFLAGS = Rrqp
# environment
MFLAGS = -Rrqp
# automatic
*D = $(patsubst %/,%,$(dir $*))
# environment
TERM_PROGRAM_VERSION = 3.2a
# environment
XPC_SERVICE_NAME = application.com.microsoft.VSCode.11177846.11177852.84109DF2-C537-4CD5-9578-02A9D0284C68
# automatic
+D = $(patsubst %/,%,$(dir $+))
# environment
TMUX = /private/tmp/tmux-501/default,762,0
# automatic
+F = $(notdir $+)
# environment
__CF_USER_TEXT_ENCODING = 0x1F5:0x1:0xE
# environment
COMMAND_MODE = unix2003
# default
MAKEFILES := 
# automatic
<F = $(notdir $<)
# environment
GOPRIVATE = github.com/Notch-Technologies/client-go
# environment
LC_ALL = C
# environment
SECURITYSESSIONID = 186b3
# automatic
^F = $(notdir $^)
# default
SUFFIXES := 
# environment
MAKELEVEL := 0
# environment
LANG = C
# environment
TERM = screen-256color
# environment
VSCODE_PID = 23018
# variable set hash-table stats:
# Load=95/1024=9%, Rehash=0, Collisions=3/118=3%

# Pattern-specific Variable Values

# No pattern-specific variable values.

# Directories

# . (device 16777234, inode 9554487): 32 files, no impossibilities.

# 32 files, no impossibilities in 1 directories.

# Implicit Rules

# No implicit rules.

# Files

# Not a target:
all:
#  Command-line target.
#  Implicit rule search has been done.
#  File does not exist.
#  File has not been updated.
# variable set hash-table stats:
# Load=0/32=0%, Rehash=0, Collisions=0/0=0%

.PHONY: store
#  Implicit rule search has not been done.
#  Modification time never checked.
#  File has not been updated.

up-signaling:
#  Implicit rule search has not been done.
#  Modification time never checked.
#  File has not been updated.
#  commands to execute (from `Makefile', line 25):
	docker-compose -f docker/docker-compose.signaling.yml up -d
	

# Not a target:
.SUFFIXES:
#  Implicit rule search has not been done.
#  Modification time never checked.
#  File has not been updated.

# Not a target:
Makefile:
#  Implicit rule search has been done.
#  Last modified 2022-05-17 15:07:01
#  File has been updated.
#  Successfully updated.
# variable set hash-table stats:
# Load=0/32=0%, Rehash=0, Collisions=0/0=0%

build-signaling:
#  Implicit rule search has not been done.
#  Modification time never checked.
#  File has not been updated.
#  commands to execute (from `Makefile', line 22):
	docker-compose -f docker/docker-compose.signaling.yml build
	

down-server:
#  Implicit rule search has not been done.
#  Modification time never checked.
#  File has not been updated.
#  commands to execute (from `Makefile', line 18):
	docker-compose -f docker/docker-compose.server.yml down
	

# Not a target:
.DEFAULT:
#  Implicit rule search has not been done.
#  Modification time never checked.
#  File has not been updated.

up-server:
#  Implicit rule search has not been done.
#  Modification time never checked.
#  File has not been updated.
#  commands to execute (from `Makefile', line 15):
	docker-compose -f docker/docker-compose.server.yml up -d
	

up-dotshake:
#  Implicit rule search has not been done.
#  Modification time never checked.
#  File has not been updated.
#  commands to execute (from `Makefile', line 35):
	docker-compose -f docker-compose.yml up -d
	

store:
#  Phony target (prerequisite of .PHONY).
#  Implicit rule search has not been done.
#  File does not exist.
#  File has not been updated.
#  commands to execute (from `Makefile', line 6):
	go build -o $(BINDIR)/dotshake cmd/dotshake/main.go
	nix-store --add $(BINDIR)/dotshake
	

build-server:
#  Implicit rule search has not been done.
#  Modification time never checked.
#  File has not been updated.
#  commands to execute (from `Makefile', line 12):
	docker-compose -f docker/docker-compose.server.yml build
	

down-signaling:
#  Implicit rule search has not been done.
#  Modification time never checked.
#  File has not been updated.
#  commands to execute (from `Makefile', line 28):
	docker-compose -f docker/docker-compose.server.yml down
	

build-dotshake:
#  Implicit rule search has not been done.
#  Modification time never checked.
#  File has not been updated.
#  commands to execute (from `Makefile', line 32):
	docker-compose -f docker-compose.yml build
	

# files hash-table stats:
# Load=14/1024=1%, Rehash=0, Collisions=0/27=0%
# VPATH Search Paths

# No `vpath' search paths.

# No general (`VPATH' variable) search path.

# # of strings in strcache: 1
# # of strcache buffers: 1
# strcache size: total = 4096 / max = 4096 / min = 4096 / avg = 4096
# strcache free: total = 4087 / max = 4087 / min = 4087 / avg = 4087

# Finished Make data base on Wed May 25 18:31:01 2022

 
